Unity Editor version:    2020.3.36f1 (71f96b79b9f0)
Branch:                  2020.3/support/zd130524
Build type:              Release
Batch mode:              YES
macOS version:           Version 13.0 (Build 22A380)
Darwin version:          22.1.0
Architecture:            x86_64
Running under Rosetta:   YES
Available memory:        16384 MB
Using pre-set license
Pro License: NO

COMMAND LINE ARGUMENTS:
/Applications/Unity/Unity.app/Contents/MacOS/Unity
-adb2
-batchMode
-noUpm
-name
AssetImportWorker0
-projectPath
/Users/andy/Desktop/EVENT HORIZON/BulletHell
-logFile
Logs/AssetImportWorker0.log
-srvPort
55628
Successfully changed project path to: /Users/andy/Desktop/EVENT HORIZON/BulletHell
/Users/andy/Desktop/EVENT HORIZON/BulletHell
Using Asset Import Pipeline V2.
Refreshing native plugins compatible for Editor in 43.77 ms, found 3 plugins.
Preloading 0 native plugins for Editor in 0.00 ms.
Initialize engine version: 2020.3.36f1 (71f96b79b9f0)
[Subsystems] Discovering subsystems at path /Applications/Unity/Unity.app/Contents/Resources/UnitySubsystems
[Subsystems] Discovering subsystems at path /Users/andy/Desktop/EVENT HORIZON/BulletHell/Assets
GfxDevice: creating device client; threaded=0
2023-02-27 06:10:44.775 Unity[46550:6485833] (null) preferred device: Apple M1 Pro (high power)
2023-02-27 06:10:44.775 Unity[46550:6485833] Metal devices available: 1
2023-02-27 06:10:44.775 Unity[46550:6485833] 0: Apple M1 Pro (high power)
2023-02-27 06:10:44.775 Unity[46550:6485833] Using device Apple M1 Pro (high power)
Initializing Metal device caps: Apple M1 Pro
Initialize mono
Mono path[0] = '/Applications/Unity/Unity.app/Contents/Managed'
Mono path[1] = '/Applications/Unity/Unity.app/Contents/MonoBleedingEdge/lib/mono/unityjit'
Mono config path = '/Applications/Unity/Unity.app/Contents/MonoBleedingEdge/etc'
Using monoOptions --debugger-agent=transport=dt_socket,embedding=1,server=y,suspend=n,address=127.0.0.1:56550
Begin MonoManager ReloadAssembly
Registering precompiled unity dll's ...
Register platform support module: /Applications/Unity/Unity.app/Contents/PlaybackEngines/MacStandaloneSupport/UnityEditor.OSXStandalone.Extensions.dll
Register platform support module: /Applications/Unity/PlaybackEngines/WindowsStandaloneSupport/UnityEditor.WindowsStandalone.Extensions.dll
Registered in 0.000540 seconds.
Native extension for WindowsStandalone target not found
Native extension for OSXStandalone target not found
Refreshing native plugins compatible for Editor in 51.68 ms, found 3 plugins.
Preloading 0 native plugins for Editor in 0.00 ms.
Mono: successfully reloaded assembly
- Completed reload, in  1.279 seconds
Domain Reload Profiling:
	ReloadAssembly (1279ms)
		BeginReloadAssembly (88ms)
			ExecutionOrderSort (0ms)
			DisableScriptedObjects (0ms)
			BackupInstance (0ms)
			ReleaseScriptingObjects (0ms)
			CreateAndSetChildDomain (3ms)
		EndReloadAssembly (1079ms)
			LoadAssemblies (85ms)
			RebuildTransferFunctionScriptingTraits (0ms)
			SetupTypeCache (163ms)
			ReleaseScriptCaches (0ms)
			RebuildScriptCaches (33ms)
			SetupLoadedEditorAssemblies (599ms)
				LogAssemblyErrors (0ms)
				InitializePlatformSupportModulesInManaged (13ms)
				SetLoadedEditorAssemblies (0ms)
				RefreshPlugins (52ms)
				BeforeProcessingInitializeOnLoad (85ms)
				ProcessInitializeOnLoadAttributes (340ms)
				ProcessInitializeOnLoadMethodAttributes (108ms)
				AfterProcessingInitializeOnLoad (0ms)
				EditorAssembliesLoaded (1ms)
			ExecutionOrderSort2 (0ms)
			AwakeInstancesAfterBackupRestoration (0ms)
Platform modules already initialized, skipping
Registering precompiled user dll's ...
Registered in 0.002733 seconds.
Begin MonoManager ReloadAssembly
Native extension for WindowsStandalone target not found
Native extension for OSXStandalone target not found
Refreshing native plugins compatible for Editor in 46.96 ms, found 3 plugins.
Preloading 0 native plugins for Editor in 0.00 ms.
Mono: successfully reloaded assembly
- Completed reload, in  2.148 seconds
Domain Reload Profiling:
	ReloadAssembly (2150ms)
		BeginReloadAssembly (230ms)
			ExecutionOrderSort (0ms)
			DisableScriptedObjects (31ms)
			BackupInstance (0ms)
			ReleaseScriptingObjects (0ms)
			CreateAndSetChildDomain (25ms)
		EndReloadAssembly (1840ms)
			LoadAssemblies (191ms)
			RebuildTransferFunctionScriptingTraits (0ms)
			SetupTypeCache (297ms)
			ReleaseScriptCaches (1ms)
			RebuildScriptCaches (48ms)
			SetupLoadedEditorAssemblies (1052ms)
				LogAssemblyErrors (0ms)
				InitializePlatformSupportModulesInManaged (12ms)
				SetLoadedEditorAssemblies (1ms)
				RefreshPlugins (47ms)
				BeforeProcessingInitializeOnLoad (170ms)
				ProcessInitializeOnLoadAttributes (749ms)
				ProcessInitializeOnLoadMethodAttributes (72ms)
				AfterProcessingInitializeOnLoad (1ms)
				EditorAssembliesLoaded (0ms)
			ExecutionOrderSort2 (0ms)
			AwakeInstancesAfterBackupRestoration (4ms)
Platform modules already initialized, skipping
Validating Project structure ... 0.002310 seconds.
Shader import version has changed; will reimport all shaders...
Upgrading shader files ...0.002442 seconds.
Application.AssetDatabase Initial Script Refresh Start
RefreshInfo: InitialScriptRefreshV2(NoUpdateAssetOptions) scanfilter:  ... 1 filters
RefreshProfiler: Total: 0.000ms
Application.AssetDatabase Initial Script Refresh End
Application.AssetDatabase.Refresh Start
Application.AssetDatabase.Refresh End
RefreshInfo: StopAssetImportingV2(ForceSynchronousImport) scanfilter: 
RefreshProfiler: Total: 0.000ms
Launching external process: /Applications/Unity/Unity.app/Contents/Tools/UnityShaderCompiler
Launched and connected shader compiler UnityShaderCompiler after 0.03 seconds
Initializing Unity extensions:
2023-02-27 06:10:49.376 Unity[46550:6485833] NSEventModifierFlagFunction specified to -setKeyEquivalentModifierMask: for item <NSMenuItem: 0x7feb635b5aa0 Font Asset, ke='Command-F12'>, but is only supported for system-provided menu items; will not be used
2023-02-27 06:10:49.379 Unity[46550:6485833] NSEventModifierFlagFunction specified to -setKeyEquivalentModifierMask: for item <NSMenuItem: 0x7feb635b7cd0 Font Asset, ke='Command-F12'>, but is only supported for system-provided menu items; will not be used
========================================================================
Worker process is ready to serve import requests
Refreshing native plugins compatible for Editor in 0.45 ms, found 3 plugins.
Preloading 0 native plugins for Editor in 0.00 ms.
Unloading 2367 Unused Serialized files (Serialized files now loaded: 0)
System memory in use before: 115.5 MB.
System memory in use after: 114.8 MB.

Unloading 161 unused Assets to reduce memory usage. Loaded Objects now: 2838.
Total: 3.035250 ms (FindLiveObjects: 0.113875 ms CreateObjectMapping: 0.049916 ms MarkObjects: 2.250042 ms  DeleteObjects: 0.620667 ms)

AssetImportParameters requested are different than current active one (requested -> active):
  custom:video-decoder-ogg-theora: a1e56fd34408186e4bbccfd4996cb3dc -> 
  custom:container-muxer-webm: aa71ff27fc2769a1b78a27578f13a17b -> 
  custom:container-demuxer-webm: 4f35f7cbe854078d1ac9338744f61a02 -> 
  custom:container-demuxer-ogg: 62fdf1f143b41e24485cea50d1cbac27 -> 
  custom:video-encoder-webm-vp8: eb34c28f22e8b96e1ab97ce403110664 -> 
  custom:framework-osx-AVFoundation: e770b220cccbd017edd2c1fefb359320 -> 
  custom:video-decoder-webm-vp8: 9c59270c3fd7afecdb556c50c9e8de78 -> 
  custom:audio-decoder-ogg-vorbis: bf7c407c2cedff20999df2af8eb42d56 -> 
  custom:audio-encoder-webm-vorbis: bf7c407c2cedff20999df2af8eb42d56 -> 
========================================================================
Received Import Request.
  path: Assets/Sprites/P/Ship6/Exhaust/Normal/Ship6_normal_flight_006.png
  artifactKey: Guid(640b8ecec501946348bd7ee38519e195) Importer(815301076,1909f56bfc062723c751e8b465ee728b)
Start importing Assets/Sprites/P/Ship6/Exhaust/Normal/Ship6_normal_flight_006.png using Guid(640b8ecec501946348bd7ee38519e195) Importer(815301076,1909f56bfc062723c751e8b465ee728b)  -> (artifact id: '10bead5e864fdfbd382fb02323c4f728') in 0.223080 seconds 
========================================================================
Received Import Request.
  Time since last request: 0.000679 seconds.
  path: Assets/Sprites/P/Ship6/Exhaust/Normal/Ship6_normal_flight_000.png
  artifactKey: Guid(d9fb6bc9ff9754ef980b8d847c555bd0) Importer(815301076,1909f56bfc062723c751e8b465ee728b)
Start importing Assets/Sprites/P/Ship6/Exhaust/Normal/Ship6_normal_flight_000.png using Guid(d9fb6bc9ff9754ef980b8d847c555bd0) Importer(815301076,1909f56bfc062723c751e8b465ee728b)  -> (artifact id: 'fd8ea7f34526a49ae01f44eb7ab56834') in 0.013116 seconds 
========================================================================
Received Import Request.
  Time since last request: 0.000204 seconds.
  path: Assets/Sprites/P/Ship6/Exhaust/Normal/Ship6_normal_flight_002.png
  artifactKey: Guid(415d1bf5772c64522bcd96f12e08d8c6) Importer(815301076,1909f56bfc062723c751e8b465ee728b)
Start importing Assets/Sprites/P/Ship6/Exhaust/Normal/Ship6_normal_flight_002.png using Guid(415d1bf5772c64522bcd96f12e08d8c6) Importer(815301076,1909f56bfc062723c751e8b465ee728b)  -> (artifact id: 'b8e7df34cb1eba1baac0971f63632040') in 0.010335 seconds 
========================================================================
Received Import Request.
  Time since last request: 0.000217 seconds.
  path: Assets/Sprites/P/Ship6/Exhaust/Normal/Ship6_normal_flight_004.png
  artifactKey: Guid(8d9de15c726274d93904a849ae0924ee) Importer(815301076,1909f56bfc062723c751e8b465ee728b)
Start importing Assets/Sprites/P/Ship6/Exhaust/Normal/Ship6_normal_flight_004.png using Guid(8d9de15c726274d93904a849ae0924ee) Importer(815301076,1909f56bfc062723c751e8b465ee728b)  -> (artifact id: '5d49a9fbe2c95ba1af58d9e4ff8d12ff') in 0.011240 seconds 
========================================================================
Received Import Request.
  Time since last request: 7.921431 seconds.
  path: Assets/Sprites/P/Ship6/Exhaust/Turbo
  artifactKey: Guid(b24a76ed302d948edbd3ee661cf7e300) Importer(815301076,1909f56bfc062723c751e8b465ee728b)
Start importing Assets/Sprites/P/Ship6/Exhaust/Turbo using Guid(b24a76ed302d948edbd3ee661cf7e300) Importer(815301076,1909f56bfc062723c751e8b465ee728b)  -> (artifact id: '3774486bf34639024e0475355cdfb970') in 0.001194 seconds 
========================================================================
Received Import Request.
  Time since last request: 0.050814 seconds.
  path: Assets/Sprites/P/Ship6/Exhaust/Turbo/exhaust1.png
  artifactKey: Guid(25399abffb2754180aeea3e858acf247) Importer(815301076,1909f56bfc062723c751e8b465ee728b)
Start importing Assets/Sprites/P/Ship6/Exhaust/Turbo/exhaust1.png using Guid(25399abffb2754180aeea3e858acf247) Importer(815301076,1909f56bfc062723c751e8b465ee728b)  -> (artifact id: '4bfa4fe92b16d21fbd350a0b66338c9f') in 0.012412 seconds 
========================================================================
Received Import Request.
  Time since last request: 0.000272 seconds.
  path: Assets/Sprites/P/Ship6/Exhaust/Turbo/exhaust4.png
  artifactKey: Guid(b22aca0db39f2416b934f3f258e5b829) Importer(815301076,1909f56bfc062723c751e8b465ee728b)
Start importing Assets/Sprites/P/Ship6/Exhaust/Turbo/exhaust4.png using Guid(b22aca0db39f2416b934f3f258e5b829) Importer(815301076,1909f56bfc062723c751e8b465ee728b)  -> (artifact id: '13fc242d45e8c3d76bcee0f1d5be96f5') in 0.011638 seconds 
========================================================================
Received Import Request.
  Time since last request: 0.000179 seconds.
  path: Assets/Sprites/P/Ship6/Exhaust/Turbo/exhaust3.png
  artifactKey: Guid(1989a485d5026463cb182a52a45008a2) Importer(815301076,1909f56bfc062723c751e8b465ee728b)
Start importing Assets/Sprites/P/Ship6/Exhaust/Turbo/exhaust3.png using Guid(1989a485d5026463cb182a52a45008a2) Importer(815301076,1909f56bfc062723c751e8b465ee728b)  -> (artifact id: '5ddce12c08450686d913d21137ad3886') in 0.011762 seconds 
========================================================================
Received Import Request.
  Time since last request: 0.000181 seconds.
  path: Assets/Sprites/P/Ship6/Exhaust/Turbo/exhaust2.png
  artifactKey: Guid(5334069a8bed74e8991453576d79445c) Importer(815301076,1909f56bfc062723c751e8b465ee728b)
Start importing Assets/Sprites/P/Ship6/Exhaust/Turbo/exhaust2.png using Guid(5334069a8bed74e8991453576d79445c) Importer(815301076,1909f56bfc062723c751e8b465ee728b)  -> (artifact id: '07694244ff506baec526fed704722732') in 0.011507 seconds 
========================================================================
Received Import Request.
  Time since last request: 8.563226 seconds.
  path: Assets/Sprites/P/Ship6/Exhaust/Turbo/Ship6_turbo_flight_001.png
  artifactKey: Guid(ed70f08a49d4f4c7bac868fc1646a34c) Importer(815301076,1909f56bfc062723c751e8b465ee728b)
Start importing Assets/Sprites/P/Ship6/Exhaust/Turbo/Ship6_turbo_flight_001.png using Guid(ed70f08a49d4f4c7bac868fc1646a34c) Importer(815301076,1909f56bfc062723c751e8b465ee728b)  -> (artifact id: '10db0a30086c831e07cb2d807fcd0250') in 0.012706 seconds 
========================================================================
Received Import Request.
  Time since last request: 0.000252 seconds.
  path: Assets/Sprites/P/Ship6/Exhaust/Turbo/Ship6_turbo_flight_003.png
  artifactKey: Guid(a281558b4e49940a5a86ac8e7ad35da1) Importer(815301076,1909f56bfc062723c751e8b465ee728b)
Start importing Assets/Sprites/P/Ship6/Exhaust/Turbo/Ship6_turbo_flight_003.png using Guid(a281558b4e49940a5a86ac8e7ad35da1) Importer(815301076,1909f56bfc062723c751e8b465ee728b)  -> (artifact id: '2cf89d724e040f17dc1f65b135370fc2') in 0.010802 seconds 
========================================================================
Received Import Request.
  Time since last request: 0.000268 seconds.
  path: Assets/Sprites/P/Ship6/Exhaust/Turbo/Ship6_turbo_flight_007.png
  artifactKey: Guid(a06296580091f4413863d520232928a9) Importer(815301076,1909f56bfc062723c751e8b465ee728b)
Start importing Assets/Sprites/P/Ship6/Exhaust/Turbo/Ship6_turbo_flight_007.png using Guid(a06296580091f4413863d520232928a9) Importer(815301076,1909f56bfc062723c751e8b465ee728b)  -> (artifact id: 'b8a0150b1048b44f98c736b04dcd967a') in 0.012430 seconds 
========================================================================
Received Import Request.
  Time since last request: 0.000230 seconds.
  path: Assets/Sprites/P/Ship6/Exhaust/Turbo/Ship6_turbo_flight_005.png
  artifactKey: Guid(a5aed815b4a114c59b68a7ce6643d0da) Importer(815301076,1909f56bfc062723c751e8b465ee728b)
Start importing Assets/Sprites/P/Ship6/Exhaust/Turbo/Ship6_turbo_flight_005.png using Guid(a5aed815b4a114c59b68a7ce6643d0da) Importer(815301076,1909f56bfc062723c751e8b465ee728b)  -> (artifact id: 'b4e0bf5019e7f7d48841a4fa30ab2c69') in 0.010462 seconds 
========================================================================
Received Import Request.
  Time since last request: 12.876473 seconds.
  path: Assets/Sprites/P/Ship6/Exhaust/Normal/NormalExhaustShip4.anim
  artifactKey: Guid(cff6eef3379574b5ca54ff4011bf924a) Importer(815301076,1909f56bfc062723c751e8b465ee728b)
Start importing Assets/Sprites/P/Ship6/Exhaust/Normal/NormalExhaustShip4.anim using Guid(cff6eef3379574b5ca54ff4011bf924a) Importer(815301076,1909f56bfc062723c751e8b465ee728b)  -> (artifact id: '054eec50a7d8d5f32537a53f9ce364ca') in 0.530512 seconds 
========================================================================
Received Import Request.
  Time since last request: 3.439451 seconds.
  path: Assets/Sprites/P/Ship6/Exhaust/Normal/NormalExhaustShip6.anim
  artifactKey: Guid(cff6eef3379574b5ca54ff4011bf924a) Importer(815301076,1909f56bfc062723c751e8b465ee728b)
Start importing Assets/Sprites/P/Ship6/Exhaust/Normal/NormalExhaustShip6.anim using Guid(cff6eef3379574b5ca54ff4011bf924a) Importer(815301076,1909f56bfc062723c751e8b465ee728b)  -> (artifact id: '39417798adc569218a9f3fb90200568b') in 0.003073 seconds 
========================================================================
Received Import Request.
  Time since last request: 14.964230 seconds.
  path: Assets/Sprites/P/Ship6/Exhaust/Normal/Ship6_normal_flight_000.controller
  artifactKey: Guid(22116b65fcfde45be94871fb00e59e67) Importer(815301076,1909f56bfc062723c751e8b465ee728b)
Start importing Assets/Sprites/P/Ship6/Exhaust/Normal/Ship6_normal_flight_000.controller using Guid(22116b65fcfde45be94871fb00e59e67) Importer(815301076,1909f56bfc062723c751e8b465ee728b)  -> (artifact id: '8fdfbea8c019614aaf339c79eef2dc5a') in 0.070269 seconds 
========================================================================
Received Import Request.
  Time since last request: 15.639646 seconds.
  path: Assets/Sprites/P/Ship6/Exhaust/Turbo/TurboExhaustShip4.anim
  artifactKey: Guid(fb9e4ee7725d94be4a718be96071302b) Importer(815301076,1909f56bfc062723c751e8b465ee728b)
Start importing Assets/Sprites/P/Ship6/Exhaust/Turbo/TurboExhaustShip4.anim using Guid(fb9e4ee7725d94be4a718be96071302b) Importer(815301076,1909f56bfc062723c751e8b465ee728b)  -> (artifact id: '477efa830a6ad99a11cfda69f2a93454') in 0.003105 seconds 
========================================================================
Received Import Request.
  Time since last request: 6.550805 seconds.
  path: Assets/Sprites/P/Ship6/Exhaust/Turbo/TurboExhaustShip6.anim
  artifactKey: Guid(fb9e4ee7725d94be4a718be96071302b) Importer(815301076,1909f56bfc062723c751e8b465ee728b)
Start importing Assets/Sprites/P/Ship6/Exhaust/Turbo/TurboExhaustShip6.anim using Guid(fb9e4ee7725d94be4a718be96071302b) Importer(815301076,1909f56bfc062723c751e8b465ee728b)  -> (artifact id: 'a9a3dcff8e146339169bf687cdcf9d4a') in 0.004046 seconds 
========================================================================
Received Import Request.
  Time since last request: 16.311978 seconds.
  path: Assets/Sprites/P/Ship6/Exhaust/Turbo/Ship6_turbo_flight_001.controller
  artifactKey: Guid(1584af02be37c43abb2f440db8dc0bee) Importer(815301076,1909f56bfc062723c751e8b465ee728b)
Start importing Assets/Sprites/P/Ship6/Exhaust/Turbo/Ship6_turbo_flight_001.controller using Guid(1584af02be37c43abb2f440db8dc0bee) Importer(815301076,1909f56bfc062723c751e8b465ee728b)  -> (artifact id: 'a233c005fecf12b058e6491130778d65') in 0.006706 seconds 
========================================================================
Received Import Request.
  Time since last request: 6.707565 seconds.
  path: Assets/Sprites/P/Ship6/Exhaust/ExhaustShip4.controller
  artifactKey: Guid(73b16126019244bbcae6a807e21548b6) Importer(815301076,1909f56bfc062723c751e8b465ee728b)
Start importing Assets/Sprites/P/Ship6/Exhaust/ExhaustShip4.controller using Guid(73b16126019244bbcae6a807e21548b6) Importer(815301076,1909f56bfc062723c751e8b465ee728b)  -> (artifact id: '46af19713e04bf3df93b40080b7e225d') in 0.003709 seconds 
========================================================================
Received Import Request.
  Time since last request: 286.978410 seconds.
  path: Assets/Sprites/P/Ship6/Explode/Ship6_Explosion_000.controller
  artifactKey: Guid(3c08a0e35c2e44571ba76346b9c2f4c0) Importer(815301076,1909f56bfc062723c751e8b465ee728b)
Start importing Assets/Sprites/P/Ship6/Explode/Ship6_Explosion_000.controller using Guid(3c08a0e35c2e44571ba76346b9c2f4c0) Importer(815301076,1909f56bfc062723c751e8b465ee728b)  -> (artifact id: 'cdd6b5088bdf26ac0bc78aa02e55cd6b') in 0.005226 seconds 
========================================================================
Received Import Request.
  Time since last request: 4.277501 seconds.
  path: Assets/Sprites/P/Ship6/Explode/ExplodeShip6.controller
  artifactKey: Guid(f919bd341a90c41f28bfde107524a60b) Importer(815301076,1909f56bfc062723c751e8b465ee728b)
Start importing Assets/Sprites/P/Ship6/Explode/ExplodeShip6.controller using Guid(f919bd341a90c41f28bfde107524a60b) Importer(815301076,1909f56bfc062723c751e8b465ee728b)  -> (artifact id: '486b87eb08768f4df791dccf33f4d14e') in 0.003675 seconds 
========================================================================
Received Import Request.
  Time since last request: 126.319441 seconds.
  path: Assets/Sprites/P/Ship6/Bullet/CompleteShoot.anim
  artifactKey: Guid(08982517e8653469ea296120f005085a) Importer(815301076,1909f56bfc062723c751e8b465ee728b)
Start importing Assets/Sprites/P/Ship6/Bullet/CompleteShoot.anim using Guid(08982517e8653469ea296120f005085a) Importer(815301076,1909f56bfc062723c751e8b465ee728b)  -> (artifact id: '5d9c8d05d2883dfecbe93df222cc2c59') in 0.003335 seconds 
========================================================================
Received Import Request.
  Time since last request: 1.719977 seconds.
  path: Assets/Sprites/P/Ship6/Bullet/shot4_exp4.png
  artifactKey: Guid(b8487e162effd43568855b49680dad5b) Importer(815301076,1909f56bfc062723c751e8b465ee728b)
Start importing Assets/Sprites/P/Ship6/Bullet/shot4_exp4.png using Guid(b8487e162effd43568855b49680dad5b) Importer(815301076,1909f56bfc062723c751e8b465ee728b)  -> (artifact id: 'd60296fae2da1dbe08d218dd285c3ca1') in 0.019385 seconds 
========================================================================
Received Import Request.
  Time since last request: 0.000219 seconds.
  path: Assets/Sprites/P/Ship6/Bullet/shot4_exp5.png
  artifactKey: Guid(c2186dc074982470f802a84f91394df1) Importer(815301076,1909f56bfc062723c751e8b465ee728b)
Start importing Assets/Sprites/P/Ship6/Bullet/shot4_exp5.png using Guid(c2186dc074982470f802a84f91394df1) Importer(815301076,1909f56bfc062723c751e8b465ee728b)  -> (artifact id: 'aa92984abce7ef0d1246c1cd76133720') in 0.011215 seconds 
========================================================================
Received Import Request.
  Time since last request: 0.000233 seconds.
  path: Assets/Sprites/P/Ship6/Bullet/shot4_exp7.png
  artifactKey: Guid(7ff65b20bd7624490963450506fa6772) Importer(815301076,1909f56bfc062723c751e8b465ee728b)
Start importing Assets/Sprites/P/Ship6/Bullet/shot4_exp7.png using Guid(7ff65b20bd7624490963450506fa6772) Importer(815301076,1909f56bfc062723c751e8b465ee728b)  -> (artifact id: '4ca50565f39f9534756bef6a7b0ca913') in 0.011948 seconds 
========================================================================
Received Import Request.
  Time since last request: 0.000183 seconds.
  path: Assets/Sprites/P/Ship6/Bullet/shot4_exp6.png
  artifactKey: Guid(5423aa13e92c8424593416f957400e19) Importer(815301076,1909f56bfc062723c751e8b465ee728b)
Start importing Assets/Sprites/P/Ship6/Bullet/shot4_exp6.png using Guid(5423aa13e92c8424593416f957400e19) Importer(815301076,1909f56bfc062723c751e8b465ee728b)  -> (artifact id: '1da1031db785a438fd2842b9467da48b') in 0.010938 seconds 
========================================================================
Received Import Request.
  Time since last request: 6.738516 seconds.
  path: Assets/Sprites/P/Ship6/Bullet/shot4_exp8.png
  artifactKey: Guid(9b9d3de63710446aea8e9dc15cce39aa) Importer(815301076,1909f56bfc062723c751e8b465ee728b)
Start importing Assets/Sprites/P/Ship6/Bullet/shot4_exp8.png using Guid(9b9d3de63710446aea8e9dc15cce39aa) Importer(815301076,1909f56bfc062723c751e8b465ee728b)  -> (artifact id: '9773a224b28e4dabed2e18da3113481f') in 0.020400 seconds 
========================================================================
Received Import Request.
  Time since last request: 134.434597 seconds.
  path: Assets/Sprites/P/Ship6/Bullet/shot6_1.png
  artifactKey: Guid(dba1d9d7940ea4f60b7f10bbddff7c80) Importer(815301076,1909f56bfc062723c751e8b465ee728b)
Start importing Assets/Sprites/P/Ship6/Bullet/shot6_1.png using Guid(dba1d9d7940ea4f60b7f10bbddff7c80) Importer(815301076,1909f56bfc062723c751e8b465ee728b)  -> (artifact id: '50adcd553f4c5157c9ae4cd550deb8ae') in 0.028961 seconds 
========================================================================
Received Import Request.
  Time since last request: 0.001154 seconds.
  path: Assets/Sprites/P/Ship6/Bullet/shot6_3.png
  artifactKey: Guid(472a9f1c97361485c83f7553df33046d) Importer(815301076,1909f56bfc062723c751e8b465ee728b)
Start importing Assets/Sprites/P/Ship6/Bullet/shot6_3.png using Guid(472a9f1c97361485c83f7553df33046d) Importer(815301076,1909f56bfc062723c751e8b465ee728b)  -> (artifact id: '9bae670cedfa81913d69a36c576d33ff') in 0.013826 seconds 
========================================================================
Received Import Request.
  Time since last request: 0.000261 seconds.
  path: Assets/Sprites/P/Ship6/Bullet/shot6_exp2.png
  artifactKey: Guid(add90c1b3a9944766bf8a0658950ebb5) Importer(815301076,1909f56bfc062723c751e8b465ee728b)
Start importing Assets/Sprites/P/Ship6/Bullet/shot6_exp2.png using Guid(add90c1b3a9944766bf8a0658950ebb5) Importer(815301076,1909f56bfc062723c751e8b465ee728b)  -> (artifact id: '043fbedf07c9c1ee771fd102fa48c159') in 0.011984 seconds 
========================================================================
Received Import Request.
  Time since last request: 0.000235 seconds.
  path: Assets/Sprites/P/Ship6/Bullet/shot6_exp1.png
  artifactKey: Guid(bfa1282ea48ad4a429c78b65127ae3ee) Importer(815301076,1909f56bfc062723c751e8b465ee728b)
Start importing Assets/Sprites/P/Ship6/Bullet/shot6_exp1.png using Guid(bfa1282ea48ad4a429c78b65127ae3ee) Importer(815301076,1909f56bfc062723c751e8b465ee728b)  -> (artifact id: '1e49eae17fd67a82b18a606c37d50b59') in 0.011050 seconds 
========================================================================
Received Import Request.
  Time since last request: 0.000230 seconds.
  path: Assets/Sprites/P/Ship6/Bullet/shot6_4.png
  artifactKey: Guid(5a8d84fce115049878632a1e5125e2fb) Importer(815301076,1909f56bfc062723c751e8b465ee728b)
Start importing Assets/Sprites/P/Ship6/Bullet/shot6_4.png using Guid(5a8d84fce115049878632a1e5125e2fb) Importer(815301076,1909f56bfc062723c751e8b465ee728b)  -> (artifact id: '7b312444dc1ae04a0a5b01d96fc58aed') in 0.012285 seconds 
========================================================================
Received Import Request.
  Time since last request: 0.000281 seconds.
  path: Assets/Sprites/P/Ship6/Bullet/shot6_exp4.png
  artifactKey: Guid(1742b8c6f39b244008433441c845a64d) Importer(815301076,1909f56bfc062723c751e8b465ee728b)
Start importing Assets/Sprites/P/Ship6/Bullet/shot6_exp4.png using Guid(1742b8c6f39b244008433441c845a64d) Importer(815301076,1909f56bfc062723c751e8b465ee728b)  -> (artifact id: '83f7042cb23f37da23c0182454a38917') in 0.013244 seconds 
========================================================================
Received Import Request.
  Time since last request: 0.002002 seconds.
  path: Assets/Sprites/P/Ship6/Bullet/shot6_asset.png
  artifactKey: Guid(1b8d033cf07b1476b99e71a573963a2c) Importer(815301076,1909f56bfc062723c751e8b465ee728b)
Start importing Assets/Sprites/P/Ship6/Bullet/shot6_asset.png using Guid(1b8d033cf07b1476b99e71a573963a2c) Importer(815301076,1909f56bfc062723c751e8b465ee728b)  -> (artifact id: 'd26093e76474869cd0438aaa142e4c2e') in 0.011954 seconds 
========================================================================
Received Import Request.
  Time since last request: 0.000209 seconds.
  path: Assets/Sprites/P/Ship6/Bullet/shot6_exp3.png
  artifactKey: Guid(ac10f590d4a0b46fe8ec836311df4574) Importer(815301076,1909f56bfc062723c751e8b465ee728b)
Start importing Assets/Sprites/P/Ship6/Bullet/shot6_exp3.png using Guid(ac10f590d4a0b46fe8ec836311df4574) Importer(815301076,1909f56bfc062723c751e8b465ee728b)  -> (artifact id: '39abe1cdd53b0195fd2b48d8005a9d9a') in 0.011994 seconds 
========================================================================
Received Import Request.
  Time since last request: 0.000195 seconds.
  path: Assets/Sprites/P/Ship6/Bullet/shot6_2.png
  artifactKey: Guid(9526614c7ab6d47b59051306385be45c) Importer(815301076,1909f56bfc062723c751e8b465ee728b)
Start importing Assets/Sprites/P/Ship6/Bullet/shot6_2.png using Guid(9526614c7ab6d47b59051306385be45c) Importer(815301076,1909f56bfc062723c751e8b465ee728b)  -> (artifact id: '098edcf36c44a54cd8a43cb422e20ba6') in 0.011736 seconds 
========================================================================
Received Import Request.
  Time since last request: 56.490165 seconds.
  path: Assets/Sprites/P/Ship6/Bullet/Shooting.controller
  artifactKey: Guid(09986f0997a27418994090c0c80d0b60) Importer(815301076,1909f56bfc062723c751e8b465ee728b)
Start importing Assets/Sprites/P/Ship6/Bullet/Shooting.controller using Guid(09986f0997a27418994090c0c80d0b60) Importer(815301076,1909f56bfc062723c751e8b465ee728b)  -> (artifact id: '40e0a635de11c4efe5c3fcaf86a963c1') in 0.007780 seconds 
========================================================================
Received Import Request.
  Time since last request: 217.900547 seconds.
  path: Assets/Sprites/P/Ship6/Bullet/shot6_exp5.png
  artifactKey: Guid(1c68ec1c52ded49df91b6b687233d2a4) Importer(815301076,1909f56bfc062723c751e8b465ee728b)
Start importing Assets/Sprites/P/Ship6/Bullet/shot6_exp5.png using Guid(1c68ec1c52ded49df91b6b687233d2a4) Importer(815301076,1909f56bfc062723c751e8b465ee728b)  -> (artifact id: '1bf767f57d4a4dd676f7299ac21d802c') in 0.024723 seconds 
========================================================================
Received Import Request.
  Time since last request: 0.000889 seconds.
  path: Assets/Sprites/P/Ship6/Bullet/shot6_exp6.png
  artifactKey: Guid(c5c5564cd98a84ddc88f0ebe724943af) Importer(815301076,1909f56bfc062723c751e8b465ee728b)
Start importing Assets/Sprites/P/Ship6/Bullet/shot6_exp6.png using Guid(c5c5564cd98a84ddc88f0ebe724943af) Importer(815301076,1909f56bfc062723c751e8b465ee728b)  -> (artifact id: '3203a7501c173e19fc319f4e21f0ba96') in 0.013653 seconds 
========================================================================
Received Import Request.
  Time since last request: 0.000228 seconds.
  path: Assets/Sprites/P/Ship6/Bullet/shot6_exp8.png
  artifactKey: Guid(8a0ee1ff747594418ab568de26def0a1) Importer(815301076,1909f56bfc062723c751e8b465ee728b)
Start importing Assets/Sprites/P/Ship6/Bullet/shot6_exp8.png using Guid(8a0ee1ff747594418ab568de26def0a1) Importer(815301076,1909f56bfc062723c751e8b465ee728b)  -> (artifact id: '6f8ed17a270ad070a41a91a398850b13') in 0.012554 seconds 
========================================================================
Received Import Request.
  Time since last request: 0.000248 seconds.
  path: Assets/Sprites/P/Ship6/Bullet/shot6_exp7.png
  artifactKey: Guid(755b5ed7ef1714dc48c5a0c104e63042) Importer(815301076,1909f56bfc062723c751e8b465ee728b)
Start importing Assets/Sprites/P/Ship6/Bullet/shot6_exp7.png using Guid(755b5ed7ef1714dc48c5a0c104e63042) Importer(815301076,1909f56bfc062723c751e8b465ee728b)  -> (artifact id: 'f453af8a96d29f311a89f67c6b1a23fa') in 0.023581 seconds 
========================================================================
Received Import Request.
  Time since last request: 0.330513 seconds.
  path: Assets/Sprites/P/Ship6/Bullet/shot6_exp9.png
  artifactKey: Guid(9fa770c8dccff42d0b6163ba8a4ffaba) Importer(815301076,1909f56bfc062723c751e8b465ee728b)
Start importing Assets/Sprites/P/Ship6/Bullet/shot6_exp9.png using Guid(9fa770c8dccff42d0b6163ba8a4ffaba) Importer(815301076,1909f56bfc062723c751e8b465ee728b)  -> (artifact id: '13e986fa97c9a0611c9e9f6606dadbad') in 0.014556 seconds 
========================================================================
Received Import Request.
  Time since last request: 0.000200 seconds.
  path: Assets/Sprites/P/Ship6/Bullet/shot6_exp10.png
  artifactKey: Guid(dcfc5729650b742889ebdc6873446070) Importer(815301076,1909f56bfc062723c751e8b465ee728b)
Start importing Assets/Sprites/P/Ship6/Bullet/shot6_exp10.png using Guid(dcfc5729650b742889ebdc6873446070) Importer(815301076,1909f56bfc062723c751e8b465ee728b)  -> (artifact id: 'dbdd7ee3b0f9cced1be36f7163d10be6') in 0.016874 seconds 
========================================================================
Received Import Request.
  Time since last request: 191.525215 seconds.
  path: Assets/Sprites/P/Ship6/Bullet/CompleteShootShip6.anim
  artifactKey: Guid(08982517e8653469ea296120f005085a) Importer(815301076,1909f56bfc062723c751e8b465ee728b)
Start importing Assets/Sprites/P/Ship6/Bullet/CompleteShootShip6.anim using Guid(08982517e8653469ea296120f005085a) Importer(815301076,1909f56bfc062723c751e8b465ee728b)  -> (artifact id: '00c9f1ee38f92ed09ed639e953baa491') in 0.006236 seconds 
========================================================================
Received Import Request.
  Time since last request: 1.615580 seconds.
  path: Assets/Sprites/P/Ship6/Bullet/Hit.anim
  artifactKey: Guid(91c30121a3dc943c6a9587721442db2c) Importer(815301076,1909f56bfc062723c751e8b465ee728b)
Start importing Assets/Sprites/P/Ship6/Bullet/Hit.anim using Guid(91c30121a3dc943c6a9587721442db2c) Importer(815301076,1909f56bfc062723c751e8b465ee728b)  -> (artifact id: 'c5f886a7c497c9975bd106501d78c546') in 0.003590 seconds 
========================================================================
Received Import Request.
  Time since last request: 3.962811 seconds.
  path: Assets/Sprites/P/Ship6/Bullet/HitShip6.anim
  artifactKey: Guid(91c30121a3dc943c6a9587721442db2c) Importer(815301076,1909f56bfc062723c751e8b465ee728b)
Start importing Assets/Sprites/P/Ship6/Bullet/HitShip6.anim using Guid(91c30121a3dc943c6a9587721442db2c) Importer(815301076,1909f56bfc062723c751e8b465ee728b)  -> (artifact id: '6efeb13e072bdc5a59bd8926f8dcc776') in 0.004257 seconds 
========================================================================
Received Import Request.
  Time since last request: 7.270753 seconds.
  path: Assets/Sprites/P/Ship6/Bullet/ShootingShip6.controller
  artifactKey: Guid(09986f0997a27418994090c0c80d0b60) Importer(815301076,1909f56bfc062723c751e8b465ee728b)
Start importing Assets/Sprites/P/Ship6/Bullet/ShootingShip6.controller using Guid(09986f0997a27418994090c0c80d0b60) Importer(815301076,1909f56bfc062723c751e8b465ee728b)  -> (artifact id: '4e07d095b74da91083ab6664abe60f89') in 0.006755 seconds 
========================================================================
Received Import Request.
  Time since last request: 3.021185 seconds.
  path: Assets/Sprites/P/Ship6/Bullet/idle.anim
  artifactKey: Guid(bef54e8f4d7ba41b7928e338be9947a2) Importer(815301076,1909f56bfc062723c751e8b465ee728b)
Start importing Assets/Sprites/P/Ship6/Bullet/idle.anim using Guid(bef54e8f4d7ba41b7928e338be9947a2) Importer(815301076,1909f56bfc062723c751e8b465ee728b)  -> (artifact id: 'e858788dda13a0bda5ca4648fc43f76d') in 0.003596 seconds 
========================================================================
Received Import Request.
  Time since last request: 1.615924 seconds.
  path: Assets/Sprites/P/Ship6/Bullet/idleShip6.anim
  artifactKey: Guid(bef54e8f4d7ba41b7928e338be9947a2) Importer(815301076,1909f56bfc062723c751e8b465ee728b)
Start importing Assets/Sprites/P/Ship6/Bullet/idleShip6.anim using Guid(bef54e8f4d7ba41b7928e338be9947a2) Importer(815301076,1909f56bfc062723c751e8b465ee728b)  -> (artifact id: '68e31d982c2e4b2dc056c963b0f5ffbe') in 0.003609 seconds 
========================================================================
Received Import Request.
  Time since last request: 30.282152 seconds.
  path: Assets/Sprites/P/Ship6/Bullet/shot6_1.controller
  artifactKey: Guid(84487ab6ba0e549f795ee1e513eb064a) Importer(815301076,1909f56bfc062723c751e8b465ee728b)
Start importing Assets/Sprites/P/Ship6/Bullet/shot6_1.controller using Guid(84487ab6ba0e549f795ee1e513eb064a) Importer(815301076,1909f56bfc062723c751e8b465ee728b)  -> (artifact id: 'bc54ebc1b37c6fadb9d5a359f882f09a') in 0.004999 seconds 
AssetImportWorkerClient::OnTransportError - code=2 error=End of file
